<?xml version="1.0" encoding="UTF-8"?>
<testsuite name="WebCalculatorApplicationTest" tests="1" skipped="0" failures="0" errors="0" timestamp="2021-02-27T13:07:11" hostname="CHANGCHUANdeMBP" time="3.68">
  <properties/>
  <testcase name="start" classname="WebCalculatorApplicationTest" time="3.68"/>
  <system-out><![CDATA[?[1;31m
Start test 1?[0m

  .   ____          _            __ _ _
 /\\ / ___'_ __ _ _(_)_ __  __ _ \ \ \ \
( ( )\___ | '_ | '_| | '_ \/ _` | \ \ \ \
 \\/  ___)| |_)| | | | | || (_| |  ) ) ) )
  '  |____| .__|_| |_|_| |_\__, | / / / /
 =========|_|==============|___/=/_/_/_/
 :: Spring Boot ::        (v2.3.1.RELEASE)

2021-02-27 21:07:12.080  INFO 37260 --- [    Test worker] calculator.WebCalculatorApplication      : Starting WebCalculatorApplication on CHANGCHUANdeMBP with PID 37260 (started by chchang in /Users/chchang/github/Code Sharing Platform/Problems/calculator)
2021-02-27 21:07:12.084  INFO 37260 --- [    Test worker] calculator.WebCalculatorApplication      : No active profile set, falling back to default profiles: default
2021-02-27 21:07:13.590  INFO 37260 --- [    Test worker] o.s.b.w.embedded.tomcat.TomcatWebServer  : Tomcat initialized with port(s): 8889 (http)
2021-02-27 21:07:13.605  INFO 37260 --- [    Test worker] o.apache.catalina.core.StandardService   : Starting service [Tomcat]
2021-02-27 21:07:13.605  INFO 37260 --- [    Test worker] org.apache.catalina.core.StandardEngine  : Starting Servlet engine: [Apache Tomcat/9.0.36]
2021-02-27 21:07:13.730  INFO 37260 --- [    Test worker] o.a.c.c.C.[Tomcat].[localhost].[/]       : Initializing Spring embedded WebApplicationContext
2021-02-27 21:07:13.731  INFO 37260 --- [    Test worker] w.s.c.ServletWebServerApplicationContext : Root WebApplicationContext: initialization completed in 1594 ms
2021-02-27 21:07:14.007  INFO 37260 --- [    Test worker] o.s.s.concurrent.ThreadPoolTaskExecutor  : Initializing ExecutorService 'applicationTaskExecutor'
2021-02-27 21:07:14.311  INFO 37260 --- [    Test worker] o.s.b.a.e.web.EndpointLinksResolver      : Exposing 14 endpoint(s) beneath base path '/actuator'
2021-02-27 21:07:14.366  INFO 37260 --- [    Test worker] o.s.b.w.embedded.tomcat.TomcatWebServer  : Tomcat started on port(s): 8889 (http) with context path ''
2021-02-27 21:07:14.380  INFO 37260 --- [    Test worker] calculator.WebCalculatorApplication      : Started WebCalculatorApplication in 2.729 seconds (JVM running for 3.644)
2021-02-27 21:07:14.814  INFO 37260 --- [nio-8889-exec-1] o.a.c.c.C.[Tomcat].[localhost].[/]       : Initializing Spring DispatcherServlet 'dispatcherServlet'
2021-02-27 21:07:14.815  INFO 37260 --- [nio-8889-exec-1] o.s.web.servlet.DispatcherServlet        : Initializing Servlet 'dispatcherServlet'
2021-02-27 21:07:14.825  INFO 37260 --- [nio-8889-exec-1] o.s.web.servlet.DispatcherServlet        : Completed initialization in 10 ms
?[1;31m
Start test 2?[0m
?[1;31m
Start test 3?[0m
?[1;31m
Start test 4?[0m
]]></system-out>
  <system-err><![CDATA[]]></system-err>
</testsuite>
